<?xml version="1.0" encoding="UTF-8"?>
<testng-results ignored="0" total="4" passed="3" failed="1" skipped="0">
  <reporter-output>
  </reporter-output>
  <suite started-at="2021-01-03T03:47:31Z" name="Suite" finished-at="2021-01-03T03:47:35Z" duration-ms="3988">
    <groups>
      <group name="smoke">
        <method signature="DataDriven_Lib.test_getByUserID()[pri:0, instance:com.test.DataDriven_Lib@6d026701]" name="test_getByUserID" class="com.test.DataDriven_Lib"/>
      </group> <!-- smoke -->
    </groups>
    <test started-at="2021-01-03T03:47:31Z" name="Test" finished-at="2021-01-03T03:47:35Z" duration-ms="3988">
      <class name="com.test.DataDriven_Lib">
        <test-method is-config="true" signature="report_setup()[pri:0, instance:com.test.DataDriven_Lib@6d026701]" started-at="2021-01-03T03:47:31Z" name="report_setup" finished-at="2021-01-03T03:47:31Z" duration-ms="319" status="PASS">
          <reporter-output>
          </reporter-output>
        </test-method> <!-- report_setup -->
        <test-method is-config="true" signature="env_setup()[pri:0, instance:com.test.DataDriven_Lib@6d026701]" started-at="2021-01-03T03:47:31Z" name="env_setup" finished-at="2021-01-03T03:47:31Z" duration-ms="1" status="PASS">
          <reporter-output>
          </reporter-output>
        </test-method> <!-- env_setup -->
        <test-method is-config="true" signature="setup()[pri:0, instance:com.test.DataDriven_Lib@6d026701]" started-at="2021-01-03T03:47:31Z" name="setup" finished-at="2021-01-03T03:47:31Z" duration-ms="1" status="PASS">
          <reporter-output>
          </reporter-output>
        </test-method> <!-- setup -->
        <test-method signature="test_getByUserID()[pri:0, instance:com.test.DataDriven_Lib@6d026701]" started-at="2021-01-03T03:47:31Z" name="test_getByUserID" finished-at="2021-01-03T03:47:33Z" duration-ms="1775" status="PASS">
          <reporter-output>
          </reporter-output>
        </test-method> <!-- test_getByUserID -->
        <test-method is-config="true" signature="getResult(org.testng.ITestResult)[pri:0, instance:com.test.DataDriven_Lib@6d026701]" started-at="2021-01-03T03:47:33Z" name="getResult" finished-at="2021-01-03T03:47:33Z" duration-ms="5" status="PASS">
          <params>
            <param index="0">
              <value>
                <![CDATA[[TestResult name=test_getByUserID status=SUCCESS method=DataDriven_Lib.test_getByUserID()[pri:0, instance:com.test.DataDriven_Lib@6d026701] output={null}]]]>
              </value>
            </param>
          </params>
          <reporter-output>
          </reporter-output>
        </test-method> <!-- getResult -->
        <test-method signature="test_post_01(java.lang.String, java.lang.String, java.lang.String, java.lang.String, java.lang.String)[pri:0, instance:com.test.DataDriven_Lib@6d026701]" started-at="2021-01-03T03:47:33Z" name="test_post_01" data-provider="testData1" finished-at="2021-01-03T03:47:34Z" duration-ms="562" status="PASS">
          <params>
            <param index="0">
              <value>
                <![CDATA[TC001]]>
              </value>
            </param>
            <param index="1">
              <value>
                <![CDATA[Valid request data 1]]>
              </value>
            </param>
            <param index="2">
              <value>
                <![CDATA[Sam]]>
              </value>
            </param>
            <param index="3">
              <value>
                <![CDATA[Engineer]]>
              </value>
            </param>
            <param index="4">
              <value>
                <![CDATA[201]]>
              </value>
            </param>
          </params>
          <reporter-output>
          </reporter-output>
        </test-method> <!-- test_post_01 -->
        <test-method signature="test_post_01(java.lang.String, java.lang.String, java.lang.String, java.lang.String, java.lang.String)[pri:0, instance:com.test.DataDriven_Lib@6d026701]" started-at="2021-01-03T03:47:34Z" name="test_post_01" data-provider="testData1" finished-at="2021-01-03T03:47:34Z" duration-ms="459" status="PASS">
          <params>
            <param index="0">
              <value>
                <![CDATA[TC002]]>
              </value>
            </param>
            <param index="1">
              <value>
                <![CDATA[Valid request data 2]]>
              </value>
            </param>
            <param index="2">
              <value>
                <![CDATA[Tom]]>
              </value>
            </param>
            <param index="3">
              <value>
                <![CDATA[Analyst]]>
              </value>
            </param>
            <param index="4">
              <value>
                <![CDATA[201]]>
              </value>
            </param>
          </params>
          <reporter-output>
          </reporter-output>
        </test-method> <!-- test_post_01 -->
        <test-method is-config="true" signature="getResult(org.testng.ITestResult)[pri:0, instance:com.test.DataDriven_Lib@6d026701]" started-at="2021-01-03T03:47:34Z" name="getResult" finished-at="2021-01-03T03:47:34Z" duration-ms="0" status="PASS">
          <params>
            <param index="0">
              <value>
                <![CDATA[[TestResult name=test_post_01 status=SUCCESS method=DataDriven_Lib.test_post_01(java.lang.String, java.lang.String, java.lang.String, java.lang.String, java.lang.String)[pri:0, instance:com.test.DataDriven_Lib@6d026701] output={null}]]]>
              </value>
            </param>
          </params>
          <reporter-output>
          </reporter-output>
        </test-method> <!-- getResult -->
        <test-method signature="test_post_01(java.lang.String, java.lang.String, java.lang.String, java.lang.String, java.lang.String)[pri:0, instance:com.test.DataDriven_Lib@6d026701]" started-at="2021-01-03T03:47:34Z" name="test_post_01" data-provider="testData1" finished-at="2021-01-03T03:47:35Z" duration-ms="438" status="FAIL">
          <params>
            <param index="0">
              <value>
                <![CDATA[TC003]]>
              </value>
            </param>
            <param index="1">
              <value>
                <![CDATA[InvalidPass name as null]]>
              </value>
            </param>
            <param index="2">
              <value>
                <![CDATA[]]>
              </value>
            </param>
            <param index="3">
              <value>
                <![CDATA[HR]]>
              </value>
            </param>
            <param index="4">
              <value>
                <![CDATA[400]]>
              </value>
            </param>
          </params>
          <exception class="java.lang.AssertionError">
            <message>
              <![CDATA[expected [400] but found [201]]]>
            </message>
            <full-stacktrace>
              <![CDATA[java.lang.AssertionError: expected [400] but found [201]
at org.testng.Assert.fail(Assert.java:96)
at org.testng.Assert.failNotEquals(Assert.java:776)
at org.testng.Assert.assertEqualsImpl(Assert.java:137)
at org.testng.Assert.assertEquals(Assert.java:118)
at org.testng.Assert.assertEquals(Assert.java:652)
at org.testng.Assert.assertEquals(Assert.java:662)
at com.test.DataDriven_Lib.test_post_01(DataDriven_Lib.java:118)
at java.base/jdk.internal.reflect.NativeMethodAccessorImpl.invoke0(Native Method)
at java.base/jdk.internal.reflect.NativeMethodAccessorImpl.invoke(NativeMethodAccessorImpl.java:64)
at java.base/jdk.internal.reflect.DelegatingMethodAccessorImpl.invoke(DelegatingMethodAccessorImpl.java:43)
at java.base/java.lang.reflect.Method.invoke(Method.java:564)
at org.testng.internal.MethodInvocationHelper.invokeMethod(MethodInvocationHelper.java:124)
at org.testng.internal.Invoker.invokeMethod(Invoker.java:583)
at org.testng.internal.Invoker.invokeTestMethod(Invoker.java:719)
at org.testng.internal.Invoker.invokeTestMethods(Invoker.java:989)
at org.testng.internal.TestMethodWorker.invokeTestMethods(TestMethodWorker.java:125)
at org.testng.internal.TestMethodWorker.run(TestMethodWorker.java:109)
at org.testng.TestRunner.privateRun(TestRunner.java:648)
at org.testng.TestRunner.run(TestRunner.java:505)
at org.testng.SuiteRunner.runTest(SuiteRunner.java:455)
at org.testng.SuiteRunner.runSequentially(SuiteRunner.java:450)
at org.testng.SuiteRunner.privateRun(SuiteRunner.java:415)
at org.testng.SuiteRunner.run(SuiteRunner.java:364)
at org.testng.SuiteRunnerWorker.runSuite(SuiteRunnerWorker.java:52)
at org.testng.SuiteRunnerWorker.run(SuiteRunnerWorker.java:84)
at org.testng.TestNG.runSuitesSequentially(TestNG.java:1208)
at org.testng.TestNG.runSuitesLocally(TestNG.java:1137)
at org.testng.TestNG.runSuites(TestNG.java:1049)
at org.testng.TestNG.run(TestNG.java:1017)
at org.testng.remote.AbstractRemoteTestNG.run(AbstractRemoteTestNG.java:115)
at org.testng.remote.RemoteTestNG.initAndRun(RemoteTestNG.java:251)
at org.testng.remote.RemoteTestNG.main(RemoteTestNG.java:77)
]]>
            </full-stacktrace>
          </exception> <!-- java.lang.AssertionError -->
          <reporter-output>
          </reporter-output>
        </test-method> <!-- test_post_01 -->
        <test-method is-config="true" signature="getResult(org.testng.ITestResult)[pri:0, instance:com.test.DataDriven_Lib@6d026701]" started-at="2021-01-03T03:47:34Z" name="getResult" finished-at="2021-01-03T03:47:34Z" duration-ms="0" status="PASS">
          <params>
            <param index="0">
              <value>
                <![CDATA[[TestResult name=test_post_01 status=SUCCESS method=DataDriven_Lib.test_post_01(java.lang.String, java.lang.String, java.lang.String, java.lang.String, java.lang.String)[pri:0, instance:com.test.DataDriven_Lib@6d026701] output={null}]]]>
              </value>
            </param>
          </params>
          <reporter-output>
          </reporter-output>
        </test-method> <!-- getResult -->
        <test-method is-config="true" signature="getResult(org.testng.ITestResult)[pri:0, instance:com.test.DataDriven_Lib@6d026701]" started-at="2021-01-03T03:47:35Z" name="getResult" finished-at="2021-01-03T03:47:35Z" duration-ms="3" status="PASS">
          <params>
            <param index="0">
              <value>
                <![CDATA[[TestResult name=test_post_01 status=FAILURE method=DataDriven_Lib.test_post_01(java.lang.String, java.lang.String, java.lang.String, java.lang.String, java.lang.String)[pri:0, instance:com.test.DataDriven_Lib@6d026701] output={null}]]]>
              </value>
            </param>
          </params>
          <reporter-output>
          </reporter-output>
        </test-method> <!-- getResult -->
        <test-method is-config="true" signature="tearDown()[pri:0, instance:com.test.DataDriven_Lib@6d026701]" started-at="2021-01-03T03:47:35Z" name="tearDown" finished-at="2021-01-03T03:47:35Z" duration-ms="270" status="PASS">
          <reporter-output>
          </reporter-output>
        </test-method> <!-- tearDown -->
      </class> <!-- com.test.DataDriven_Lib -->
    </test> <!-- Test -->
  </suite> <!-- Suite -->
</testng-results>
